<?xml version="1.0" encoding="UTF-8"?>
<!-- Generated by org.testng.reporters.JUnitXMLReporter -->
<testsuite ignored="2" hostname="DESKTOP-5BKKI8L" failures="0" tests="1" name="Default test" time="18.924" errors="0" timestamp="2024-04-17T22:51:15 PDT">
  <testcase classname="com.allianz.test.AddEmployeeTest" name="uploadInvalidDisplayPictureTest" time="1.029"/>
  <testcase classname="com.allianz.base.AutomationWrapper" name="tittleTest" time="0.0">
    <ignored/>
  </testcase> <!-- tittleTest -->
  <testcase classname="com.allianz.base.AutomationWrapper" name="verification" time="0.0">
    <ignored/>
  </testcase> <!-- verification -->
</testsuite> <!-- Default test -->
