<?xml version="1.0" encoding="UTF-8"?>
<testng-results ignored="0" total="1" passed="1" failed="0" skipped="0">
  <reporter-output>
  </reporter-output>
  <suite started-at="2024-04-17T22:50:56 PDT" name="Default suite" finished-at="2024-04-17T22:51:15 PDT" duration-ms="18924">
    <groups>
    </groups>
    <test started-at="2024-04-17T22:50:56 PDT" name="Default test" finished-at="2024-04-17T22:51:15 PDT" duration-ms="18924">
      <class name="com.allianz.test.AddEmployeeTest">
        <test-method is-config="true" signature="setup()[pri:0, instance:com.allianz.test.AddEmployeeTest@59505b48]" started-at="2024-04-17T22:50:56 PDT" name="setup" finished-at="2024-04-17T22:51:14 PDT" duration-ms="17589" status="PASS">
          <reporter-output>
          </reporter-output>
        </test-method> <!-- setup -->
        <test-method signature="uploadInvalidDisplayPictureTest()[pri:0, instance:com.allianz.test.AddEmployeeTest@59505b48]" started-at="2024-04-17T22:51:14 PDT" name="uploadInvalidDisplayPictureTest" finished-at="2024-04-17T22:51:15 PDT" duration-ms="1029" status="PASS">
          <reporter-output>
          </reporter-output>
        </test-method> <!-- uploadInvalidDisplayPictureTest -->
        <test-method is-config="true" signature="teardown()[pri:0, instance:com.allianz.test.AddEmployeeTest@59505b48]" started-at="2024-04-17T22:51:15 PDT" name="teardown" finished-at="2024-04-17T22:51:15 PDT" duration-ms="192" status="PASS">
          <reporter-output>
          </reporter-output>
        </test-method> <!-- teardown -->
      </class> <!-- com.allianz.test.AddEmployeeTest -->
    </test> <!-- Default test -->
  </suite> <!-- Default suite -->
</testng-results>
